<?xml version="1.0" encoding="UTF-8" ?>
<testsuite failures="0" time="0.005" errors="0" skipped="0" tests="27" name="com.gra.testowanie.lab2.InterfejsTest">
  <properties>
[...]
</properties>
  <testcase time="0" classname="com.gra.testowanie.lab2.InterfejsTest" name="hultajchochlaTest1"/>
  <testcase time="0" classname="com.gra.testowanie.lab2.InterfejsTest" name="hultajchochlaTest2"/>
  <testcase time="0" classname="com.gra.testowanie.lab2.InterfejsTest" name="hultajchochlaTest3"/>
  <testcase time="0" classname="com.gra.testowanie.lab2.InterfejsTest" name="hultajchochlaTest4"/>
  <testcase time="0" classname="com.gra.testowanie.lab2.InterfejsTest" name="hultajchochlaTest5"/>
  <testcase time="0" classname="com.gra.testowanie.lab2.InterfejsTest" name="hultajchochlaTest6"/>
  <testcase time="0" classname="com.gra.testowanie.lab2.InterfejsTest" name="hultajchochlaTest7"/>
  <testcase time="0" classname="com.gra.testowanie.lab2.InterfejsTest" name="hultajchochlaTest9"/>
  <testcase time="0" classname="com.gra.testowanie.lab2.InterfejsTest" name="nieksztaltekTest10"/>
  <testcase time="0" classname="com.gra.testowanie.lab2.InterfejsTest" name="CyfrokradTest1"/>
  <testcase time="0" classname="com.gra.testowanie.lab2.InterfejsTest" name="CyfrokradTest2"/>
  <testcase time="0" classname="com.gra.testowanie.lab2.InterfejsTest" name="CyfrokradTest3"/>
  <testcase time="0.001" classname="com.gra.testowanie.lab2.InterfejsTest" name="CyfrokradTest4"/>
  <testcase time="0" classname="com.gra.testowanie.lab2.InterfejsTest" name="CyfrokradTest5"/>
  <testcase time="0.001" classname="com.gra.testowanie.lab2.InterfejsTest" name="CyfrokradTest6"/>
  <testcase time="0.001" classname="com.gra.testowanie.lab2.InterfejsTest" name="CyfrokradTest7"/>
  <testcase time="0" classname="com.gra.testowanie.lab2.InterfejsTest" name="nieksztaltekTest1"/>
  <testcase time="0" classname="com.gra.testowanie.lab2.InterfejsTest" name="nieksztaltekTest3"/>
  <testcase time="0.001" classname="com.gra.testowanie.lab2.InterfejsTest" name="nieksztaltekTest4"/>
  <testcase time="0" classname="com.gra.testowanie.lab2.InterfejsTest" name="nieksztaltekTest5"/>
  <testcase time="0.001" classname="com.gra.testowanie.lab2.InterfejsTest" name="nieksztaltekTest6"/>
  <testcase time="0" classname="com.gra.testowanie.lab2.InterfejsTest" name="nieksztaltekTest7"/>
  <testcase time="0" classname="com.gra.testowanie.lab2.InterfejsTest" name="nieksztaltekTest8"/>
  <testcase time="0" classname="com.gra.testowanie.lab2.InterfejsTest" name="nieksztaltekTest9"/>
  <testcase time="0" classname="com.gra.testowanie.lab2.InterfejsTest" name="hultajchochlaTestIfCorrect"/>
  <testcase time="0" classname="com.gra.testowanie.lab2.InterfejsTest" name="hultajchochlaTest"/>
  <testcase time="0" classname="com.gra.testowanie.lab2.InterfejsTest" name="nieksztaltek6"/>
</testsuite>