<?xml version="1.0" encoding="UTF-8" ?>
<testsuite failures="1" time="0.052" errors="0" skipped="0" tests="15" name="com.rzymskie.testowanie.lab1.LiczbaRzymskaTest">
  <properties>
[...]
</properties>
  <testcase time="0.016" classname="com.rzymskie.testowanie.lab1.LiczbaRzymskaTest" name="TestRomanMinusValue"/>
  <testcase time="0" classname="com.rzymskie.testowanie.lab1.LiczbaRzymskaTest" name="TestRomanAssertFalse"/>
  <testcase time="0.02" classname="com.rzymskie.testowanie.lab1.LiczbaRzymskaTest" name="TestRomanIf3999">
    <failure message="
Expected: is &quot;MMMCMXCIsX&quot;
     but: was &quot;MMMCMXCIX&quot;" type="java.lang.AssertionError">java.lang.AssertionError: 
Expected: is &quot;MMMCMXCIsX&quot;
     but: was &quot;MMMCMXCIX&quot;
	at org.hamcrest.MatcherAssert.assertThat(MatcherAssert.java:20)
	at org.hamcrest.MatcherAssert.assertThat(MatcherAssert.java:8)
	at com.rzymskie.testowanie.lab1.LiczbaRzymskaTest.TestRomanIf3999(LiczbaRzymskaTest.java:98)
	at sun.reflect.NativeMethodAccessorImpl.invoke0(Native Method)
	at sun.reflect.NativeMethodAccessorImpl.invoke(NativeMethodAccessorImpl.java:57)
	at sun.reflect.DelegatingMethodAccessorImpl.invoke(DelegatingMethodAccessorImpl.java:43)
	at java.lang.reflect.Method.invoke(Method.java:606)
	at org.junit.runners.model.FrameworkMethod$1.runReflectiveCall(FrameworkMethod.java:50)
	at org.junit.internal.runners.model.ReflectiveCallable.run(ReflectiveCallable.java:12)
	at org.junit.runners.model.FrameworkMethod.invokeExplosively(FrameworkMethod.java:47)
	at org.junit.internal.runners.statements.InvokeMethod.evaluate(InvokeMethod.java:17)
	at org.junit.runners.ParentRunner.runLeaf(ParentRunner.java:325)
	at org.junit.runners.BlockJUnit4ClassRunner.runChild(BlockJUnit4ClassRunner.java:78)
	at org.junit.runners.BlockJUnit4ClassRunner.runChild(BlockJUnit4ClassRunner.java:57)
	at org.junit.runners.ParentRunner$3.run(ParentRunner.java:290)
	at org.junit.runners.ParentRunner$1.schedule(ParentRunner.java:71)
	at org.junit.runners.ParentRunner.runChildren(ParentRunner.java:288)
	at org.junit.runners.ParentRunner.access$000(ParentRunner.java:58)
	at org.junit.runners.ParentRunner$2.evaluate(ParentRunner.java:268)
	at org.junit.runners.ParentRunner.run(ParentRunner.java:363)
	at org.apache.maven.surefire.junit4.JUnit4Provider.execute(JUnit4Provider.java:252)
	at org.apache.maven.surefire.junit4.JUnit4Provider.executeTestSet(JUnit4Provider.java:141)
	at org.apache.maven.surefire.junit4.JUnit4Provider.invoke(JUnit4Provider.java:112)
	at sun.reflect.NativeMethodAccessorImpl.invoke0(Native Method)
	at sun.reflect.NativeMethodAccessorImpl.invoke(NativeMethodAccessorImpl.java:57)
	at sun.reflect.DelegatingMethodAccessorImpl.invoke(DelegatingMethodAccessorImpl.java:43)
	at java.lang.reflect.Method.invoke(Method.java:606)
	at org.apache.maven.surefire.util.ReflectionUtils.invokeMethodWithArray(ReflectionUtils.java:189)
	at org.apache.maven.surefire.booter.ProviderFactory$ProviderProxy.invoke(ProviderFactory.java:165)
	at org.apache.maven.surefire.booter.ProviderFactory.invokeProvider(ProviderFactory.java:85)
	at org.apache.maven.surefire.booter.ForkedBooter.runSuitesInProcess(ForkedBooter.java:115)
	at org.apache.maven.surefire.booter.ForkedBooter.main(ForkedBooter.java:75)
</failure>
  </testcase>
  <testcase time="0" classname="com.rzymskie.testowanie.lab1.LiczbaRzymskaTest" name="TestRomanIf4000"/>
  <testcase time="0.004" classname="com.rzymskie.testowanie.lab1.LiczbaRzymskaTest" name="TestRomanNull"/>
  <testcase time="0" classname="com.rzymskie.testowanie.lab1.LiczbaRzymskaTest" name="TestRomanTrue"/>
  <testcase time="0.004" classname="com.rzymskie.testowanie.lab1.LiczbaRzymskaTest" name="TestRomanWhatDoIfOutOfRange"/>
  <testcase time="0" classname="com.rzymskie.testowanie.lab1.LiczbaRzymskaTest" name="TestRomanNotNull"/>
  <testcase time="0" classname="com.rzymskie.testowanie.lab1.LiczbaRzymskaTest" name="Test1RomanShouldNotBeSame"/>
  <testcase time="0" classname="com.rzymskie.testowanie.lab1.LiczbaRzymskaTest" name="TestRomanEquals2"/>
  <testcase time="0.004" classname="com.rzymskie.testowanie.lab1.LiczbaRzymskaTest" name="TestRomanThat434"/>
  <testcase time="0" classname="com.rzymskie.testowanie.lab1.LiczbaRzymskaTest" name="TestRomanIf0"/>
  <testcase time="0" classname="com.rzymskie.testowanie.lab1.LiczbaRzymskaTest" name="TestRomanIf1"/>
  <testcase time="0" classname="com.rzymskie.testowanie.lab1.LiczbaRzymskaTest" name="TestRomanEquals434"/>
  <testcase time="0.004" classname="com.rzymskie.testowanie.lab1.LiczbaRzymskaTest" name="TestRomanNotEquals"/>
</testsuite>